<?xml version="1.0" encoding="UTF-8" ?>
<testsuite errors="0" failures="0" hostname="LAPTOP-HSPQSV91" name="JunitPackage.WebTest" skipped="0" tests="3" time="121.512" timestamp="2018-09-12T19:17:11">
  <properties>
    <property name="java.vendor" value="Oracle Corporation" />
    <property name="env.USERDOMAIN_ROAMINGPROFILE" value="LAPTOP-HSPQSV91" />
    <property name="sun.java.launcher" value="SUN_STANDARD" />
    <property name="eclipse.pdebuild.templates" value="C:\Users\JAY\.p2\pool\plugins\org.eclipse.pde.build_3.9.300.v20170515-0912\templates" />
    <property name="sun.management.compiler" value="HotSpot 64-Bit Tiered Compilers" />
    <property name="env.PROMPT" value="$P$G" />
    <property name="os.name" value="Windows 10" />
    <property name="env.DriverData" value="C:\Windows\System32\Drivers\DriverData" />
    <property name="env.COMPUTERNAME" value="LAPTOP-HSPQSV91" />
    <property name="env.CommonProgramW6432" value="C:\Program Files\Common Files" />
    <property name="env.ALLUSERSPROFILE" value="C:\ProgramData" />
    <property name="sun.desktop" value="windows" />
    <property name="java.vm.specification.vendor" value="Oracle Corporation" />
    <property name="ant.home" value="C:\Users\JAY\.p2\pool\plugins\org.apache.ant_1.10.1.v20170504-0840" />
    <property name="java.runtime.version" value="10.0.2+13" />
    <property name="env.HOMEPATH" value="\Users\JAY" />
    <property name="ant.file.JunitProgramUsingANT" value="E:\Eclipse Oxygen\WorkSpace\JunitProgramUsingANT\build.xml" />
    <property name="user.name" value="JAY" />
    <property name="env.M2_Home" value="C:\Program Files\apache-maven-3.5.4" />
    <property name="user.language" value="en" />
    <property name="sun.boot.library.path" value="C:\Program Files\Java\jdk-10.0.2\bin" />
    <property name="ant.project.default-target" value="build" />
    <property name="ant.project.name" value="JunitProgramUsingANT" />
    <property name="java.vm.compressedOopsMode" value="32-bit" />
    <property name="java.version" value="10.0.2" />
    <property name="env.PROCESSOR_IDENTIFIER" value="Intel64 Family 6 Model 78 Stepping 3, GenuineIntel" />
    <property name="user.timezone" value="" />
    <property name="env.TEMP" value="C:\Users\JAY\AppData\Local\Temp" />
    <property name="env.asl.log" value="Destination=file" />
    <property name="ant.file.type.JunitProgramUsingANT" value="file" />
    <property name="sun.arch.data.model" value="64" />
    <property name="sun.cpu.isalist" value="amd64" />
    <property name="env.HOMEDRIVE" value="C:" />
    <property name="sun.jnu.encoding" value="Cp1252" />
    <property name="file.encoding.pkg" value="sun.io" />
    <property name="ECLIPSE_HOME" value="../../../Installations/Eclipse-Oxygen/eclipse/" />
    <property name="file.separator" value="\" />
    <property name="java.specification.name" value="Java Platform API Specification" />
    <property name="java.class.version" value="54.0" />
    <property name="user.country" value="IN" />
    <property name="java.home" value="C:\Program Files\Java\jdk-10.0.2" />
    <property name="env.PSModulePath" value="C:\Program Files\WindowsPowerShell\Modules;C:\WINDOWS\system32\WindowsPowerShell\v1.0\Modules" />
    <property name="env.APPDATA" value="C:\Users\JAY\AppData\Roaming" />
    <property name="java.vm.info" value="mixed mode" />
    <property name="env.PUBLIC" value="C:\Users\Public" />
    <property name="env.ComSpec" value="C:\WINDOWS\system32\cmd.exe" />
    <property name="env.OS" value="Windows_NT" />
    <property name="env.CommonProgramFiles" value="C:\Program Files\Common Files" />
    <property name="os.version" value="10.0" />
    <property name="ant.file" value="E:\Eclipse Oxygen\WorkSpace\JunitProgramUsingANT\build.xml" />
    <property name="env.ProgramW6432" value="C:\Program Files" />
    <property name="path.separator" value=";" />
    <property name="java.vm.version" value="10.0.2+13" />
    <property name="user.variant" value="" />
    <property name="env.USERPROFILE" value="C:\Users\JAY" />
    <property name="ant.library.dir" value="C:\Users\JAY\.p2\pool\plugins\org.apache.ant_1.10.1.v20170504-0840\lib" />
    <property name="env.JAVA_HOME" value="C:\Program Files\Java\jdk-10.0.2" />
    <property name="java.awt.printerjob" value="sun.awt.windows.WPrinterJob" />
    <property name="env.TMP" value="C:\Users\JAY\AppData\Local\Temp" />
    <property name="sun.io.unicode.encoding" value="UnicodeLittle" />
    <property name="awt.toolkit" value="sun.awt.windows.WToolkit" />
    <property name="user.script" value="" />
    <property name="eclipse.pdebuild.scripts" value="C:\Users\JAY\.p2\pool\plugins\org.eclipse.pde.build_3.9.300.v20170515-0912\scripts" />
    <property name="target" value="10" />
    <property name="user.home" value="C:\Users\JAY" />
    <property name="env.ProgramData" value="C:\ProgramData" />
    <property name="env.ProgramFiles(x86)" value="C:\Program Files (x86)" />
    <property name="env.SESSIONNAME" value="Console" />
    <property name="java.version.date" value="2018-07-17" />
    <property name="java.specification.vendor" value="Oracle Corporation" />
    <property name="env.NUMBER_OF_PROCESSORS" value="4" />
    <property name="java.library.path" value="C:\Program Files\Java\jdk-10.0.2\bin;C:\WINDOWS\Sun\Java\bin;C:\WINDOWS\system32;C:\WINDOWS;C:\Program Files (x86)\Common Files\Oracle\Java\javapath;C:\WINDOWS\system32;C:\WINDOWS;C:\WINDOWS\System32\Wbem;C:\WINDOWS\System32\WindowsPowerShell\v1.0\;C:\Program Files\Intel\WiFi\bin\;C:\Program Files\Common Files\Intel\WirelessCommon\;C:\WINDOWS\System32\OpenSSH\;C:\Program Files\Git\cmd;C:\Program Files\apache-maven-3.5.4\bin;C:\Users\JAY\AppData\Local\Microsoft\WindowsApps;C:\Program Files\Intel\WiFi\bin\;C:\Program Files\Common Files\Intel\WirelessCommon\;;." />
    <property name="java.vendor.url" value="http://java.oracle.com/" />
    <property name="env.Maven_Home" value="C:\Program Files\apache-maven-3.5.4" />
    <property name="java.vm.vendor" value="&quot;Oracle Corporation&quot;" />
    <property name="java.runtime.name" value="Java(TM) SE Runtime Environment" />
    <property name="sun.java.command" value="org.apache.tools.ant.taskdefs.optional.junit.JUnitTestRunner JunitPackage.WebTest skipNonTests=false filtertrace=true haltOnError=false haltOnFailure=false formatter=org.apache.tools.ant.taskdefs.optional.junit.OutErrSummaryJUnitResultFormatter showoutput=false outputtoformatters=true logfailedtests=true threadid=0 logtestlistenerevents=false formatter=org.apache.tools.ant.taskdefs.optional.junit.XMLJUnitResultFormatter,E:\Eclipse Oxygen\WorkSpace\JunitProgramUsingANT\${junit.output.dir}\TEST-JunitPackage.WebTest.xml crashfile=E:\Eclipse Oxygen\WorkSpace\JunitProgramUsingANT\junitvmwatcher6527838916033135723.properties propsfile=E:\Eclipse Oxygen\WorkSpace\JunitProgramUsingANT\junit3270050010178303864.properties" />
    <property name="java.class.path" value="E:\Eclipse Oxygen\WorkSpace\JunitProgramUsingANT\bin;C:\Users\JAY\.p2\pool\plugins\org.junit.jupiter.api_5.0.0.v20170910-2246.jar;C:\Users\JAY\.p2\pool\plugins\org.junit.jupiter.engine_5.0.0.v20170910-2246.jar;C:\Users\JAY\.p2\pool\plugins\org.junit.jupiter.migrationsupport_5.0.0.v20170910-2246.jar;C:\Users\JAY\.p2\pool\plugins\org.junit.jupiter.params_5.0.0.v20170910-2246.jar;C:\Users\JAY\.p2\pool\plugins\org.junit.platform.commons_1.0.0.v20170910-2246.jar;C:\Users\JAY\.p2\pool\plugins\org.junit.platform.engine_1.0.0.v20170910-2246.jar;C:\Users\JAY\.p2\pool\plugins\org.junit.platform.launcher_1.0.0.v20170910-2246.jar;C:\Users\JAY\.p2\pool\plugins\org.junit.platform.runner_1.0.0.v20170910-2246.jar;C:\Users\JAY\.p2\pool\plugins\org.junit.platform.suite.api_1.0.0.v20170910-2246.jar;C:\Users\JAY\.p2\pool\plugins\org.junit.vintage.engine_4.12.0.v20170910-2246.jar;C:\Users\JAY\.p2\pool\plugins\org.opentest4j_1.0.0.v20170910-2246.jar;C:\Users\JAY\.p2\pool\plugins\org.apiguardian_1.0.0.v20170910-2246.jar;C:\Users\JAY\.p2\pool\plugins\org.junit_4.12.0.v201504281640\junit.jar;C:\Users\JAY\.p2\pool\plugins\org.hamcrest.core_1.3.0.v201303031735.jar;E:\Installations\Selenium-Java-3.13.0\client-combined-3.13.0.jar;E:\Installations\Selenium-Java-3.13.0\client-combined-3.13.0-sources.jar;E:\Installations\Selenium-Java-3.13.0\selenium-server-standalone-3.13.0.jar;E:\Installations\Selenium-Java-3.13.0\libs\byte-buddy-1.8.3.jar;E:\Installations\Selenium-Java-3.13.0\libs\commons-codec-1.10.jar;E:\Installations\Selenium-Java-3.13.0\libs\commons-exec-1.3.jar;E:\Installations\Selenium-Java-3.13.0\libs\commons-logging-1.2.jar;E:\Installations\Selenium-Java-3.13.0\libs\gson-2.8.4.jar;E:\Installations\Selenium-Java-3.13.0\libs\guava-25.0-jre.jar;E:\Installations\Selenium-Java-3.13.0\libs\httpclient-4.5.5.jar;E:\Installations\Selenium-Java-3.13.0\libs\httpcore-4.4.9.jar;E:\Installations\Selenium-Java-3.13.0\libs\okhttp-3.10.0.jar;E:\Installations\Selenium-Java-3.13.0\libs\okio-1.14.1.jar;C:\Users\JAY\.p2\pool\plugins\org.apache.ant_1.10.1.v20170504-0840\lib\ant-launcher.jar;C:\Users\JAY\.p2\pool\plugins\org.apache.ant_1.10.1.v20170504-0840\lib\ant.jar;C:\Users\JAY\.p2\pool\plugins\org.apache.ant_1.10.1.v20170504-0840\lib\ant-junit.jar;C:\Users\JAY\.p2\pool\plugins\org.apache.ant_1.10.1.v20170504-0840\lib\ant-junit4.jar" />
    <property name="ant.version" value="Apache Ant(TM) version 1.10.1 compiled on February 2 2017" />
    <property name="jdk.debug" value="release" />
    <property name="java.vm.specification.name" value="Java Virtual Machine Specification" />
    <property name="env.windir" value="C:\WINDOWS" />
    <property name="env.LOGONSERVER" value="\\LAPTOP-HSPQSV91" />
    <property name="java.vm.specification.version" value="10" />
    <property name="env.PROCESSOR_ARCHITECTURE" value="AMD64" />
    <property name="sun.cpu.endian" value="little" />
    <property name="sun.os.patch.level" value="" />
    <property name="env.OneDrive" value="C:\Users\JAY\OneDrive" />
    <property name="debuglevel" value="source,lines,vars" />
    <property name="env.ANT_HOME" value="C:\Users\JAY\.p2\pool\plugins\org.apache.ant_1.10.1.v20170504-0840" />
    <property name="env.ProgramFiles" value="C:\Program Files" />
    <property name="eclipse.pdebuild.home" value="C:\Users\JAY\.p2\pool\plugins\org.eclipse.pde.build_3.9.300.v20170515-0912\." />
    <property name="env.PROCESSOR_REVISION" value="4e03" />
    <property name="java.io.tmpdir" value="C:\Users\JAY\AppData\Local\Temp\" />
    <property name="env.CommonProgramFiles(x86)" value="C:\Program Files (x86)\Common Files" />
    <property name="java.vendor.url.bug" value="http://bugreport.java.com/bugreport/" />
    <property name="env.SystemRoot" value="C:\WINDOWS" />
    <property name="os.arch" value="amd64" />
    <property name="java.awt.graphicsenv" value="sun.awt.Win32GraphicsEnvironment" />
    <property name="user.dir" value="E:\Eclipse Oxygen\WorkSpace\JunitProgramUsingANT" />
    <property name="env.LOCALAPPDATA" value="C:\Users\JAY\AppData\Local" />
    <property name="line.separator" value="&#xd;&#xa;" />
    <property name="java.vm.name" value="Java HotSpot(TM) 64-Bit Server VM" />
    <property name="env.PATHEXT" value=".COM;.EXE;.BAT;.CMD;.VBS;.VBE;.JS;.JSE;.WSF;.WSH;.MSC" />
    <property name="env.Path" value="C:\Program Files (x86)\Common Files\Oracle\Java\javapath;C:\WINDOWS\system32;C:\WINDOWS;C:\WINDOWS\System32\Wbem;C:\WINDOWS\System32\WindowsPowerShell\v1.0\;C:\Program Files\Intel\WiFi\bin\;C:\Program Files\Common Files\Intel\WirelessCommon\;C:\WINDOWS\System32\OpenSSH\;C:\Program Files\Git\cmd;C:\Program Files\apache-maven-3.5.4\bin;C:\Users\JAY\AppData\Local\Microsoft\WindowsApps;C:\Program Files\Intel\WiFi\bin\;C:\Program Files\Common Files\Intel\WirelessCommon\;" />
    <property name="basedir" value="E:\Eclipse Oxygen\WorkSpace\JunitProgramUsingANT" />
    <property name="ant.java.version" value="9" />
    <property name="ant.core.lib" value="C:\Users\JAY\.p2\pool\plugins\org.apache.ant_1.10.1.v20170504-0840\lib\ant.jar" />
    <property name="env.USERNAME" value="JAY" />
    <property name="source" value="10" />
    <property name="env.SystemDrive" value="C:" />
    <property name="file.encoding" value="Cp1252" />
    <property name="env.USERDOMAIN" value="LAPTOP-HSPQSV91" />
    <property name="java.specification.version" value="10" />
    <property name="ant.project.invoked-targets" value="cleanall,build,WebTest,junitreport" />
    <property name="java.vendor.version" value="18.3" />
    <property name="env.PROCESSOR_LEVEL" value="6" />
  </properties>
  <testcase classname="JunitPackage.WebTest" name="signInTest" time="43.347" />
  <testcase classname="JunitPackage.WebTest" name="logInTest" time="32.979" />
  <testcase classname="JunitPackage.WebTest" name="checkoutTest" time="44.84" />
  <system-out><![CDATA[]]></system-out>
  <system-err><![CDATA[Starting ChromeDriver 2.40.565498 (ea082db3280dd6843ebfb08a625e3eb905c4f5ab) on port 4575
Only local connections are allowed.
Sep 13, 2018 12:47:15 AM org.openqa.selenium.remote.ProtocolHandshake createSession
INFO: Detected dialect: OSS
Starting ChromeDriver 2.40.565498 (ea082db3280dd6843ebfb08a625e3eb905c4f5ab) on port 14357
Only local connections are allowed.
Sep 13, 2018 12:48:04 AM org.openqa.selenium.remote.ProtocolHandshake createSession
INFO: Detected dialect: OSS
Starting ChromeDriver 2.40.565498 (ea082db3280dd6843ebfb08a625e3eb905c4f5ab) on port 6285
Only local connections are allowed.
Sep 13, 2018 12:48:31 AM org.openqa.selenium.remote.ProtocolHandshake createSession
INFO: Detected dialect: OSS
]]></system-err>
</testsuite>
